T19B8 548:370 SEGGER J-Link V5.12b Log File (0001ms, 1378ms total)
T19B8 548:370 DLL Compiled: Apr 15 2016 14:54:46 (0001ms, 1378ms total)
T19B8 548:370 Logging started @ 2016-05-11 01:19 (0001ms, 1378ms total)
T19B8 548:442 JLINK_ExecCommand("Device = AT91SAM3X8E", ...)Device "ATSAM3X8E" selected.  returns 0x00 (0001ms, 1379ms total)
T19B8 548:447 JLINK_ExecCommand("ProjectFile = C:\Users\lewis\ModelMUSB\ModelMUSB\jlink.config", ...)  returns 0x00 (0000ms, 1379ms total)
T19B8 548:513 JLINK_ExecCommand("Device = AT91SAM3X8E", ...)Device "ATSAM3X8E" selected.  returns 0x00 (0001ms, 1380ms total)
T19B8 548:514 JLINK_TIF_Select(JLINKARM_TIF_JTAG)  returns 0x00 (0000ms, 1380ms total)
T19B8 548:514 JLINK_GetIdData(...) >0x2F8 JTAG>TotalIRLen = 4, IRPrint = 0x01 >0x30 JTAG> >0x210 JTAG> >0x70 JTAG> >0x48 JTAG> >0x40 JTAG> >0x48 JTAG> >0x78 JTAG> >0x40 JTAG> >0x30 JTAG> >0x40 JTAG> >0x40 JTAG> >0x30 JTAG> >0x40 JTAG> >0x48 JTAG>Found Cortex-M3 r2p0, Little endian. -- CPU_ReadMem(4 bytes @ 0xE000EDF0) -- CPU_ReadMem(4 bytes @ 0xE0002000)FPUnit: 6 code (BP) slots and 2 literal slots -- CPU_ReadMem(4 bytes @ 0xE000EDFC) -- CPU_ReadMem(4 bytes @ 0xE0001000)
 -- CPU_WriteMem(4 bytes @ 0xE0001000) -- CPU_ReadMem(4 bytes @ 0xE000ED88) -- CPU_WriteMem(4 bytes @ 0xE000ED88) -- CPU_ReadMem(4 bytes @ 0xE000ED88) -- CPU_WriteMem(4 bytes @ 0xE000ED88)CoreSight components:ROMTbl 0 @ E00FF000 -- CPU_ReadMem(16 bytes @ 0xE00FF000) -- CPU_ReadMem(16 bytes @ 0xE000EFF0) -- CPU_ReadMem(16 bytes @ 0xE000EFE0)ROMTbl 0 [0]: FFF0F000, CID: B105E00D, PID: 002BB000 SCS -- CPU_ReadMem(16 bytes @ 0xE0001FF0) -- CPU_ReadMem(16 bytes @ 0xE0001FE0)
ROMTbl 0 [1]: FFF02000, CID: B105E00D, PID: 002BB002 DWT -- CPU_ReadMem(16 bytes @ 0xE0002FF0) -- CPU_ReadMem(16 bytes @ 0xE0002FE0)ROMTbl 0 [2]: FFF03000, CID: B105E00D, PID: 002BB003 FPB -- CPU_ReadMem(16 bytes @ 0xE0000FF0) -- CPU_ReadMem(16 bytes @ 0xE0000FE0)ROMTbl 0 [3]: FFF01000, CID: B105E00D, PID: 002BB001 ITM -- CPU_ReadMem(16 bytes @ 0xE00FF010) -- CPU_ReadMem(16 bytes @ 0xE0040FF0) -- CPU_ReadMem(16 bytes @ 0xE0040FE0)ROMTbl 0 [4]: FFF41000, CID: B105900D, PID: 002BB923 TPIU-Lite ScanLen=4
 NumDevices=1 aId[0]=0x4BA00477 aIrRead[0]=0 aScanLen[0]=0 aScanRead[0]=0 (0027ms, 1407ms total)
T19B8 548:541 JLINK_ConfigJTAG(IRPre = 0, DRPre = 0) (0000ms, 1407ms total)
T19B8 548:541 JLINK_SetSpeed(0) >0x2F8 JTAG>TotalIRLen = 4, IRPrint = 0x01 >0x30 JTAG> >0x210 JTAG> >0x70 JTAG> >0x48 JTAG> >0x40 JTAG> >0x48 JTAG> >0x78 JTAG> >0x40 JTAG> >0x30 JTAG> >0x40 JTAG> >0x40 JTAG> >0x30 JTAG> >0x40 JTAG> >0x48 JTAG>Found Cortex-M3 r2p0, Little endian. -- CPU_ReadMem(4 bytes @ 0xE000EDF0) -- CPU_ReadMem(4 bytes @ 0xE0002000)FPUnit: 6 code (BP) slots and 2 literal slots -- CPU_ReadMem(4 bytes @ 0xE000EDFC) -- CPU_ReadMem(4 bytes @ 0xE0001000)
 -- CPU_WriteMem(4 bytes @ 0xE0001000) -- CPU_ReadMem(4 bytes @ 0xE000ED88) -- CPU_WriteMem(4 bytes @ 0xE000ED88) -- CPU_ReadMem(4 bytes @ 0xE000ED88) -- CPU_WriteMem(4 bytes @ 0xE000ED88)CoreSight components:ROMTbl 0 @ E00FF000 -- CPU_ReadMem(16 bytes @ 0xE00FF000) -- CPU_ReadMem(16 bytes @ 0xE000EFF0) -- CPU_ReadMem(16 bytes @ 0xE000EFE0)ROMTbl 0 [0]: FFF0F000, CID: B105E00D, PID: 002BB000 SCS -- CPU_ReadMem(16 bytes @ 0xE0001FF0) -- CPU_ReadMem(16 bytes @ 0xE0001FE0)
ROMTbl 0 [1]: FFF02000, CID: B105E00D, PID: 002BB002 DWT -- CPU_ReadMem(16 bytes @ 0xE0002FF0) -- CPU_ReadMem(16 bytes @ 0xE0002FE0)ROMTbl 0 [2]: FFF03000, CID: B105E00D, PID: 002BB003 FPB -- CPU_ReadMem(16 bytes @ 0xE0000FF0) -- CPU_ReadMem(16 bytes @ 0xE0000FE0)ROMTbl 0 [3]: FFF01000, CID: B105E00D, PID: 002BB001 ITM -- CPU_ReadMem(16 bytes @ 0xE00FF010) -- CPU_ReadMem(16 bytes @ 0xE0040FF0) -- CPU_ReadMem(16 bytes @ 0xE0040FE0)ROMTbl 0 [4]: FFF41000, CID: B105900D, PID: 002BB923 TPIU-Lite >0x30 JTAG>
 (0023ms, 1430ms total)
T19B8 548:564 JLINK_ResetPullsRESET(OFF) (0000ms, 1430ms total)
T19B8 548:564 JLINK_Connect() >0x2F8 JTAG>TotalIRLen = 4, IRPrint = 0x01 >0x30 JTAG> >0x210 JTAG> >0x70 JTAG> >0x48 JTAG> >0x40 JTAG> >0x48 JTAG> >0x78 JTAG> >0x40 JTAG> >0x30 JTAG> >0x40 JTAG> >0x40 JTAG> >0x30 JTAG> >0x40 JTAG> >0x48 JTAG>Found Cortex-M3 r2p0, Little endian. -- CPU_ReadMem(4 bytes @ 0xE000EDF0) -- CPU_ReadMem(4 bytes @ 0xE0002000)FPUnit: 6 code (BP) slots and 2 literal slots -- CPU_ReadMem(4 bytes @ 0xE000EDFC) -- CPU_ReadMem(4 bytes @ 0xE0001000) -- CPU_WriteMem(4 bytes @ 0xE0001000)
 -- CPU_ReadMem(4 bytes @ 0xE000ED88) -- CPU_WriteMem(4 bytes @ 0xE000ED88) -- CPU_ReadMem(4 bytes @ 0xE000ED88) -- CPU_WriteMem(4 bytes @ 0xE000ED88)CoreSight components:ROMTbl 0 @ E00FF000 -- CPU_ReadMem(16 bytes @ 0xE00FF000) -- CPU_ReadMem(16 bytes @ 0xE000EFF0) -- CPU_ReadMem(16 bytes @ 0xE000EFE0)ROMTbl 0 [0]: FFF0F000, CID: B105E00D, PID: 002BB000 SCS -- CPU_ReadMem(16 bytes @ 0xE0001FF0) -- CPU_ReadMem(16 bytes @ 0xE0001FE0)ROMTbl 0 [1]: FFF02000, CID: B105E00D, PID: 002BB002 DWT
 -- CPU_ReadMem(16 bytes @ 0xE0002FF0) -- CPU_ReadMem(16 bytes @ 0xE0002FE0)ROMTbl 0 [2]: FFF03000, CID: B105E00D, PID: 002BB003 FPB -- CPU_ReadMem(16 bytes @ 0xE0000FF0) -- CPU_ReadMem(16 bytes @ 0xE0000FE0)ROMTbl 0 [3]: FFF01000, CID: B105E00D, PID: 002BB001 ITM -- CPU_ReadMem(16 bytes @ 0xE00FF010) -- CPU_ReadMem(16 bytes @ 0xE0040FF0) -- CPU_ReadMem(16 bytes @ 0xE0040FE0)ROMTbl 0 [4]: FFF41000, CID: B105900D, PID: 002BB923 TPIU-Lite  returns 0x00 (0013ms, 1443ms total)
T19B8 548:577 JLINK_Halt()  returns 0x00 (0003ms, 1446ms total)
T19B8 548:580 JLINK_WriteMem(0x400E0A04, 0x0004 Bytes, ...) - Data: 0B 01 00 5A -- CPU_WriteMem(4 bytes @ 0x400E0A04)  returns 0x04 (0001ms, 1447ms total)
T19B8 548:581 JLINK_ReadMem (0x400E0A08, 0x0004 Bytes, ...) -- CPU_ReadMem(4 bytes @ 0x400E0A08) - Data: 01 00 00 00  returns 0x00 (0000ms, 1447ms total)
T19B8 548:581 JLINK_WriteMem(0x400E0A04, 0x0004 Bytes, ...) - Data: 0C 02 00 5A -- CPU_WriteMem(4 bytes @ 0x400E0A04)  returns 0x04 (0000ms, 1447ms total)
T19B8 548:581 JLINK_ReadMem (0x400E0A08, 0x0004 Bytes, ...) -- CPU_ReadMem(4 bytes @ 0x400E0A08) - Data: 01 00 00 00  returns 0x00 (0001ms, 1448ms total)
T19B8 548:582 JLINK_Reset() -- CPU_ReadMem(16 bytes @ 0x20000000) -- CPU_WriteMem(16 bytes @ 0x20000000) -- CPU_ReadMem(4 bytes @ 0xE000EDFC) -- CPU_WriteMem(4 bytes @ 0xE000EDFC) -- CPU_ReadMem(4 bytes @ 0xE0001000) -- CPU_WriteMem(4 bytes @ 0xE000ED0C) -- CPU_ReadMem(4 bytes @ 0xE000EDF0) -- CPU_ReadMem(4 bytes @ 0xE000EDF0) -- CPU_WriteMem(4 bytes @ 0xE000EDFC) -- CPU_WriteMem(16 bytes @ 0x20000000) -- CPU_WriteMem(4 bytes @ 0xE0002000) -- CPU_ReadMem(4 bytes @ 0xE000EDFC)
 -- CPU_ReadMem(4 bytes @ 0xE0001000) (0022ms, 1470ms total)
T19B8 548:605 JLINK_JTAG_GetDeviceID(DeviceIndex = 0)  returns 0x4BA00477 (0000ms, 1470ms total)
T19B8 548:605 JLINK_ReadMemU32(0x400E0940, 0x0001 Items, ...) -- CPU_ReadMem(4 bytes @ 0x400E0940) - Data: 60 0A 5E 28  returns 0x01 (0000ms, 1470ms total)
T19B8 548:605 JLINK_ReadMemU32(0x400E0944, 0x0001 Items, ...) -- CPU_ReadMem(4 bytes @ 0x400E0944) - Data: 00 00 00 00  returns 0x01 (0001ms, 1471ms total)
T19B8 548:606 JLINK_WriteMem(0x400E0A04, 0x0004 Bytes, ...) - Data: 05 00 00 5A -- CPU_WriteMem(4 bytes @ 0x400E0A04)  returns 0x04 (0000ms, 1471ms total)
T19B8 548:606 JLINK_WriteMem(0x400E0C04, 0x0004 Bytes, ...) - Data: 05 00 00 5A -- CPU_WriteMem(4 bytes @ 0x400E0C04)  returns 0x04 (0000ms, 1471ms total)
T19B8 548:606 JLINK_ReadMem (0x400E0A08, 0x0004 Bytes, ...) -- CPU_ReadMem(4 bytes @ 0x400E0A08) - Data: 00 00 00 00  returns 0x00 (0001ms, 1472ms total)
T19B8 548:608 JLINK_ReadMem (0x400E0A08, 0x0004 Bytes, ...) -- CPU_ReadMem(4 bytes @ 0x400E0A08) - Data: 00 00 00 00  returns 0x00 (0000ms, 1472ms total)
T19B8 548:612 JLINK_ReadMem (0x400E0A08, 0x0004 Bytes, ...) -- CPU_ReadMem(4 bytes @ 0x400E0A08) - Data: 00 00 00 00  returns 0x00 (0000ms, 1472ms total)
T194C 548:614 JLINK_IsHalted()  returns TRUE (0000ms, 1472ms total)
T194C 548:614 JLINK_GetMOEs(...) -- CPU_ReadMem(4 bytes @ 0xE000ED30)  returns 0x01 (0001ms, 1473ms total)
T194C 548:615 JLINK_ReadReg(R15 (PC))  returns 0x00083A34 (0000ms, 1473ms total)
T19B8 548:628 JLINK_ReadMem (0x400E0A08, 0x0004 Bytes, ...) -- CPU_ReadMem(4 bytes @ 0x400E0A08) - Data: 01 00 00 00  returns 0x00 (0000ms, 1473ms total)
T19B8 548:628 JLINK_ReadMem (0x400E0C08, 0x0004 Bytes, ...) -- CPU_ReadMem(4 bytes @ 0x400E0C08) - Data: 01 00 00 00  returns 0x00 (0000ms, 1473ms total)
T3570 548:809 JLINK_EMU_GetList(InterfaceMask = 0x00000001, MaxInfos = 0x00000032) [0]: USB, S/N: 304427281  returns 0x01 (0001ms, 1474ms total)
T194C 548:815 JLINK_IsHalted()  returns TRUE (0000ms, 1474ms total)
T19B8 548:815 JLINK_ResetPullsRESET(ON) (0000ms, 1474ms total)
T19B8 548:815 JLINK_ResetNoHalt() >0x2F8 JTAG>TotalIRLen = 4, IRPrint = 0x01 >0x30 JTAG> >0x210 JTAG> >0x70 JTAG> >0x48 JTAG> >0x40 JTAG> >0x48 JTAG> >0x78 JTAG> >0x40 JTAG> >0x30 JTAG> >0x40 JTAG> >0x40 JTAG> >0x30 JTAG> >0x40 JTAG> >0x48 JTAG>Found Cortex-M3 r2p0, Little endian. -- CPU_ReadMem(4 bytes @ 0xE000EDF0) -- CPU_ReadMem(4 bytes @ 0xE0002000)FPUnit: 6 code (BP) slots and 2 literal slots -- CPU_ReadMem(4 bytes @ 0xE000EDFC) -- CPU_ReadMem(4 bytes @ 0xE0001000)
 -- CPU_ReadMem(4 bytes @ 0xE000ED88) -- CPU_WriteMem(4 bytes @ 0xE000ED88) -- CPU_ReadMem(4 bytes @ 0xE000ED88) -- CPU_WriteMem(4 bytes @ 0xE000ED88)CoreSight components:ROMTbl 0 @ E00FF000 -- CPU_ReadMem(16 bytes @ 0xE00FF000) -- CPU_ReadMem(16 bytes @ 0xE000EFF0) -- CPU_ReadMem(16 bytes @ 0xE000EFE0)ROMTbl 0 [0]: FFF0F000, CID: B105E00D, PID: 002BB000 SCS -- CPU_WriteMem(4 bytes @ 0xE0001000) -- CPU_ReadMem(16 bytes @ 0xE0001FF0) -- CPU_ReadMem(16 bytes @ 0xE0001FE0)
ROMTbl 0 [1]: FFF02000, CID: B105E00D, PID: 002BB002 DWT -- CPU_ReadMem(16 bytes @ 0xE0002FF0) -- CPU_ReadMem(16 bytes @ 0xE0002FE0)ROMTbl 0 [2]: FFF03000, CID: B105E00D, PID: 002BB003 FPB -- CPU_ReadMem(16 bytes @ 0xE0000FF0) -- CPU_ReadMem(16 bytes @ 0xE0000FE0)ROMTbl 0 [3]: FFF01000, CID: B105E00D, PID: 002BB001 ITM -- CPU_ReadMem(16 bytes @ 0xE00FF010) -- CPU_ReadMem(16 bytes @ 0xE0040FF0) -- CPU_ReadMem(16 bytes @ 0xE0040FE0)ROMTbl 0 [4]: FFF41000, CID: B105900D, PID: 002BB923 TPIU-Lite
                JLINK_Reset() -- CPU_ReadMem(16 bytes @ 0x20000000) -- CPU_WriteMem(16 bytes @ 0x20000000) -- CPU_ReadMem(4 bytes @ 0xE000EDFC) -- CPU_WriteMem(4 bytes @ 0xE000EDFC) -- CPU_ReadMem(4 bytes @ 0xE0001000) -- CPU_WriteMem(4 bytes @ 0xE0001004) -- CPU_WriteMem(4 bytes @ 0xE000ED0C) -- CPU_ReadMem(4 bytes @ 0xE000EDF0) -- CPU_ReadMem(4 bytes @ 0xE000EDF0) -- CPU_WriteMem(4 bytes @ 0xE000EDFC) -- CPU_WriteMem(16 bytes @ 0x20000000) -- CPU_WriteMem(4 bytes @ 0xE0002000)
 -- CPU_ReadMem(4 bytes @ 0xE000EDFC) -- CPU_ReadMem(4 bytes @ 0xE0001000) (0022ms, 0022ms total)
                JLINK_Go() -- CPU_ReadMem(4 bytes @ 0xE0001000) -- CPU_WriteMem(4 bytes @ 0xE0001004) (0001ms, 0023ms total)
               (0037ms, 1511ms total)
T19B8 548:853 JLINK_ExecCommand("ProjectFile = C:\Users\lewis\ModelMUSB\ModelMUSB\jlink.config", ...)  returns 0x00 (0000ms, 1511ms total)
T19B8 548:919 JLINK_ExecCommand("Device = AT91SAM3X8E", ...)Device "ATSAM3X8E" selected.  returns 0x00 (0000ms, 1511ms total)
T19B8 548:919 JLINK_TIF_Select(JLINKARM_TIF_JTAG)  returns 0x00 (0000ms, 1511ms total)
T19B8 548:919 JLINK_GetIdData(...) ScanLen=4 NumDevices=1 aId[0]=0x4BA00477 aIrRead[0]=0 aScanLen[0]=0 aScanRead[0]=0 (0000ms, 1511ms total)
T19B8 548:919 JLINK_ConfigJTAG(IRPre = 0, DRPre = 0) (0000ms, 1511ms total)
T19B8 548:919 JLINK_SetSpeed(0) >0x30 JTAG> (0001ms, 1512ms total)
T19B8 548:920 JLINK_ResetPullsRESET(OFF) (0000ms, 1512ms total)
T19B8 548:920 JLINK_Connect() >0x2F8 JTAG>TotalIRLen = 4, IRPrint = 0x01 >0x30 JTAG> >0x210 JTAG> >0x70 JTAG> >0x48 JTAG> >0x40 JTAG> >0x48 JTAG> >0x78 JTAG> >0x40 JTAG> >0x30 JTAG> >0x40 JTAG> >0x40 JTAG> >0x30 JTAG> >0x40 JTAG> >0x48 JTAG>Found Cortex-M3 r2p0, Little endian. -- CPU_ReadMem(4 bytes @ 0xE000EDF0) -- CPU_ReadMem(4 bytes @ 0xE0002000)FPUnit: 6 code (BP) slots and 2 literal slots -- CPU_ReadMem(4 bytes @ 0xE000EDFC) -- CPU_ReadMem(4 bytes @ 0xE0001000) -- CPU_WriteMem(4 bytes @ 0xE0001000)
 -- CPU_ReadMem(4 bytes @ 0xE000ED88) -- CPU_WriteMem(4 bytes @ 0xE000ED88) -- CPU_ReadMem(4 bytes @ 0xE000ED88) -- CPU_WriteMem(4 bytes @ 0xE000ED88)CoreSight components:ROMTbl 0 @ E00FF000 -- CPU_ReadMem(16 bytes @ 0xE00FF000) -- CPU_ReadMem(16 bytes @ 0xE000EFF0) -- CPU_ReadMem(16 bytes @ 0xE000EFE0)ROMTbl 0 [0]: FFF0F000, CID: B105E00D, PID: 002BB000 SCS -- CPU_ReadMem(16 bytes @ 0xE0001FF0) -- CPU_ReadMem(16 bytes @ 0xE0001FE0)ROMTbl 0 [1]: FFF02000, CID: B105E00D, PID: 002BB002 DWT
 -- CPU_ReadMem(16 bytes @ 0xE0002FF0) -- CPU_ReadMem(16 bytes @ 0xE0002FE0)ROMTbl 0 [2]: FFF03000, CID: B105E00D, PID: 002BB003 FPB -- CPU_ReadMem(16 bytes @ 0xE0000FF0) -- CPU_ReadMem(16 bytes @ 0xE0000FE0)ROMTbl 0 [3]: FFF01000, CID: B105E00D, PID: 002BB001 ITM -- CPU_ReadMem(16 bytes @ 0xE00FF010) -- CPU_ReadMem(16 bytes @ 0xE0040FF0) -- CPU_ReadMem(16 bytes @ 0xE0040FE0)ROMTbl 0 [4]: FFF41000, CID: B105900D, PID: 002BB923 TPIU-Lite  returns 0x00 (0014ms, 1526ms total)
T19B8 548:934 JLINK_Halt()  returns 0x00 (0003ms, 1529ms total)
T19B8 548:937 JLINK_WriteMem(0x400E0A04, 0x0004 Bytes, ...) - Data: 0B 01 00 5A -- CPU_WriteMem(4 bytes @ 0x400E0A04)  returns 0x04 (0000ms, 1529ms total)
T19B8 548:937 JLINK_ReadMem (0x400E0A08, 0x0004 Bytes, ...) -- CPU_ReadMem(4 bytes @ 0x400E0A08) - Data: 01 00 00 00  returns 0x00 (0001ms, 1530ms total)
T19B8 548:938 JLINK_WriteMem(0x400E0A04, 0x0004 Bytes, ...) - Data: 0C 02 00 5A -- CPU_WriteMem(4 bytes @ 0x400E0A04)  returns 0x04 (0000ms, 1530ms total)
T19B8 548:938 JLINK_ReadMem (0x400E0A08, 0x0004 Bytes, ...) -- CPU_ReadMem(4 bytes @ 0x400E0A08) - Data: 01 00 00 00  returns 0x00 (0001ms, 1531ms total)
T19B8 548:939 JLINK_Reset() -- CPU_ReadMem(16 bytes @ 0x20000000) -- CPU_WriteMem(16 bytes @ 0x20000000) -- CPU_ReadMem(4 bytes @ 0xE000EDFC) -- CPU_WriteMem(4 bytes @ 0xE000EDFC) -- CPU_ReadMem(4 bytes @ 0xE0001000) -- CPU_WriteMem(4 bytes @ 0xE000ED0C) -- CPU_ReadMem(4 bytes @ 0xE000EDF0) -- CPU_ReadMem(4 bytes @ 0xE000EDF0) -- CPU_WriteMem(4 bytes @ 0xE000EDFC) -- CPU_WriteMem(16 bytes @ 0x20000000) -- CPU_WriteMem(4 bytes @ 0xE0002000) -- CPU_ReadMem(4 bytes @ 0xE000EDFC)
 -- CPU_ReadMem(4 bytes @ 0xE0001000) (0022ms, 1553ms total)
T19B8 548:964 JLINK_JTAG_GetDeviceID(DeviceIndex = 0)  returns 0x4BA00477 (0000ms, 1553ms total)
T19B8 548:964 JLINK_ReadMemU32(0x400E0940, 0x0001 Items, ...) -- CPU_ReadMem(4 bytes @ 0x400E0940) - Data: 60 0A 5E 28  returns 0x01 (0001ms, 1554ms total)
T19B8 548:965 JLINK_ReadMemU32(0x400E0944, 0x0001 Items, ...) -- CPU_ReadMem(4 bytes @ 0x400E0944) - Data: 00 00 00 00  returns 0x01 (0000ms, 1554ms total)
T19B8 548:969 JLINK_BeginDownload(Flags = 0x00) (0001ms, 1555ms total)
T19B8 548:970 JLINK_WriteMem(0x00080000, 0x4E18 Bytes, ...) - Data: 40 2A 07 20 35 3A 08 00 2D 3A 08 00 2D 3A 08 00 ...  returns 0x4E18 (0001ms, 1556ms total)
T19B8 548:971 JLINK_WriteMem(0x00084E18, 0x0008 Bytes, ...) - Data: D4 F4 FF 7F 01 00 00 00  returns 0x08 (0000ms, 1556ms total)
T19B8 548:971 JLINK_WriteMem(0x00084E20, 0x0730 Bytes, ...) - Data: 80 B4 83 B0 00 AF 78 60 BF F3 5F 8F 01 38 FB D1 ...  returns 0x730 (0001ms, 1557ms total)
T1990 548:972 JLINK_IsHalted()  returns TRUE (0000ms, 1557ms total)
T1990 548:972 JLINK_GetMOEs(...) -- CPU_ReadMem(4 bytes @ 0xE000ED30)  returns 0x01 (0000ms, 1557ms total)
T1990 548:972 JLINK_ReadReg(R15 (PC)) -- -------------------------------------- -- Start of determining dirty areas in flash cache -- End of determining dirty areas -- Start of preparing flash programming -- Calculating RAM usage -- RAM usage = 3892 Bytes -- Preserving CPU registers -- Preparing memory -- Determining CPU clock frequency -- CPU clock frequency: 3964 kHz -- CPU frequency = 3964 kHz -- Preparing target -- Downloading RAMCode -- Checking target RAM -- Preparing RAMCode
 -- End of preparing flash programmingCPU is running at low speed (3964 kHz). -- CPU is running at 3964 kHz. -- Start of comparing flash -- Read back was estimated as fastest method -- Comparing range 0x80000 - 0x855FF (86 Sectors, 21 KB), using multi-block CRC calculation -- CPU is running -- CPU_ReadMem(256 bytes @ 0x00080000) -- CPU is running -- CPU_ReadMem(256 bytes @ 0x00080100) -- CPU is running -- CPU_ReadMem(256 bytes @ 0x00080200) -- CPU is running -- CPU_ReadMem(256 bytes @ 0x00080300)
 -- CPU is running -- CPU_ReadMem(256 bytes @ 0x00080400) -- CPU is running -- CPU_ReadMem(256 bytes @ 0x00080500) -- CPU is running -- CPU_ReadMem(256 bytes @ 0x00080600) -- CPU is running -- CPU_ReadMem(256 bytes @ 0x00080700) -- CPU is running -- CPU_ReadMem(256 bytes @ 0x00080800) -- CPU is running -- CPU_ReadMem(256 bytes @ 0x00080900) -- CPU is running -- CPU_ReadMem(256 bytes @ 0x00080A00) -- CPU is running -- CPU_ReadMem(256 bytes @ 0x00080B00) -- CPU is running
 -- CPU_ReadMem(256 bytes @ 0x00080C00) -- CPU is running -- CPU_ReadMem(256 bytes @ 0x00080D00) -- CPU is running -- CPU_ReadMem(256 bytes @ 0x00080E00) -- CPU is running -- CPU_ReadMem(256 bytes @ 0x00080F00) -- CPU is running -- CPU_ReadMem(256 bytes @ 0x00081000) -- CPU is running -- CPU_ReadMem(256 bytes @ 0x00081100) -- CPU is running -- CPU_ReadMem(256 bytes @ 0x00081200) -- CPU is running -- CPU_ReadMem(256 bytes @ 0x00081300) -- CPU is running -- CPU_ReadMem(256 bytes @ 0x00081400)
 -- CPU is running -- CPU_ReadMem(256 bytes @ 0x00081500) -- CPU is running -- CPU_ReadMem(256 bytes @ 0x00081600) -- CPU is running -- CPU_ReadMem(256 bytes @ 0x00081700) -- CPU is running -- CPU_ReadMem(256 bytes @ 0x00081800) -- CPU is running -- CPU_ReadMem(256 bytes @ 0x00081900) -- CPU is running -- CPU_ReadMem(256 bytes @ 0x00081A00) -- CPU is running -- CPU_ReadMem(256 bytes @ 0x00081B00) -- CPU is running -- CPU_ReadMem(256 bytes @ 0x00081C00) -- CPU is running
 -- CPU_ReadMem(256 bytes @ 0x00081D00) -- CPU is running -- CPU_ReadMem(256 bytes @ 0x00081E00) -- CPU is running -- CPU_ReadMem(256 bytes @ 0x00081F00) -- CPU is running -- CPU_ReadMem(256 bytes @ 0x00082000) -- CPU is running -- CPU_ReadMem(256 bytes @ 0x00082100) -- CPU is running -- CPU_ReadMem(256 bytes @ 0x00082200) -- CPU is running -- CPU_ReadMem(256 bytes @ 0x00082300) -- CPU is running -- CPU_ReadMem(256 bytes @ 0x00082400) -- CPU is running -- CPU_ReadMem(256 bytes @ 0x00082500)
 -- CPU is running -- CPU_ReadMem(256 bytes @ 0x00082600) -- CPU is running -- CPU_ReadMem(256 bytes @ 0x00082700) -- CPU is running -- CPU_ReadMem(256 bytes @ 0x00082800) -- CPU is running -- CPU_ReadMem(256 bytes @ 0x00082900) -- CPU is running -- CPU_ReadMem(256 bytes @ 0x00082A00) -- CPU is running -- CPU_ReadMem(256 bytes @ 0x00082B00) -- CPU is running -- CPU_ReadMem(256 bytes @ 0x00082C00) -- CPU is running -- CPU_ReadMem(256 bytes @ 0x00082D00) -- CPU is running
 -- CPU_ReadMem(256 bytes @ 0x00082E00) -- CPU is running -- CPU_ReadMem(256 bytes @ 0x00082F00) -- CPU is running -- CPU_ReadMem(256 bytes @ 0x00083000) -- CPU is running -- CPU_ReadMem(256 bytes @ 0x00083100) -- CPU is running -- CPU_ReadMem(256 bytes @ 0x00083200) -- CPU is running -- CPU_ReadMem(256 bytes @ 0x00083300) -- CPU is running -- CPU_ReadMem(256 bytes @ 0x00083400) -- CPU is running -- CPU_ReadMem(256 bytes @ 0x00083500) -- CPU is running -- CPU_ReadMem(256 bytes @ 0x00083600)
 -- CPU is running -- CPU_ReadMem(256 bytes @ 0x00083700) -- CPU is running -- CPU_ReadMem(256 bytes @ 0x00083800) -- CPU is running -- CPU_ReadMem(256 bytes @ 0x00083900) -- CPU is running -- CPU_ReadMem(256 bytes @ 0x00083A00) -- CPU is running -- CPU_ReadMem(256 bytes @ 0x00083B00) -- CPU is running -- CPU_ReadMem(256 bytes @ 0x00083C00) -- CPU is running -- CPU_ReadMem(256 bytes @ 0x00083D00) -- CPU is running -- CPU_ReadMem(256 bytes @ 0x00083E00) -- CPU is running
 -- CPU_ReadMem(256 bytes @ 0x00083F00) -- CPU is running -- CPU_ReadMem(256 bytes @ 0x00084000) -- CPU is running -- CPU_ReadMem(256 bytes @ 0x00084100) -- CPU is running -- CPU_ReadMem(256 bytes @ 0x00084200) -- CPU is running -- CPU_ReadMem(256 bytes @ 0x00084300) -- CPU is running -- CPU_ReadMem(256 bytes @ 0x00084400) -- CPU is running -- CPU_ReadMem(256 bytes @ 0x00084500) -- CPU is running -- CPU_ReadMem(256 bytes @ 0x00084600) -- CPU is running -- CPU_ReadMem(256 bytes @ 0x00084700)
 -- CPU is running -- CPU_ReadMem(256 bytes @ 0x00084800) -- CPU is running -- CPU_ReadMem(256 bytes @ 0x00084900) -- CPU is running -- CPU_ReadMem(256 bytes @ 0x00084A00) -- CPU is running -- CPU_ReadMem(256 bytes @ 0x00084B00) -- CPU is running -- CPU_ReadMem(256 bytes @ 0x00084C00) -- CPU is running -- CPU_ReadMem(256 bytes @ 0x00084D00) -- CPU is running -- CPU_ReadMem(256 bytes @ 0x00084E00) -- CPU is running -- CPU_ReadMem(256 bytes @ 0x00084F00) -- CPU is running
 -- CPU_ReadMem(256 bytes @ 0x00085000) -- CPU is running -- CPU_ReadMem(256 bytes @ 0x00085100) -- CPU is running -- CPU_ReadMem(256 bytes @ 0x00085200) -- CPU is running -- CPU_ReadMem(256 bytes @ 0x00085300) -- CPU is running -- CPU_ReadMem(256 bytes @ 0x00085400) -- CPU is running -- CPU_ReadMem(256 bytes @ 0x00085500) -- CRC does not match for sectors 0-85 -- End of comparing flash -- Start of erasing sectors -- End of erasing sectors -- Start of flash programming
 -- Programming range 0x00080000 - 0x00081FFF (032 Sectors, 8 KB) -- Programming range 0x00082000 - 0x00083FFF (032 Sectors, 8 KB) -- Programming range 0x00084000 - 0x000855FF (022 Sectors, 5 KB) -- End of flash programming -- 0x80000 - 0x855FF (086 Sectors, 21 KB) -- Start of verifying flash -- Checksum calculation was estimated as fastest method -- End of verifying flash -- Start of restoring -- Restore RAMCode -- Restore content of target memory -- Restore target -- Restore memory
 -- Restoring CPU registers -- End of restoring -- Flash programming performed for 1 range (22016 bytes) -- Total time needed: 0.553s (Prepare: 0.072s, Compare: 0.203s, Erase: 0.000s, Program: 0.261s, Verify: 0.012s, Restore: 0.004s)  returns 0xFFFFFFFE (0555ms, 2112ms total)
T1D78 549:630 JLINK_Halt()  returns 0x00 (0001ms, 2113ms total)
T1D78 549:631 JLINK_ReadReg(R15 (PC))  returns 0xFFFFFFFE (0000ms, 2113ms total)
T1D78 549:631 JLINK_ReadReg(R13 (SP))  returns 0xFFFFFFFC (0000ms, 2113ms total)
T1D78 549:652 JLINK_ReadReg(R0)  returns 0x400E1A00 (0000ms, 2113ms total)
T1D78 549:652 JLINK_ReadReg(R1)  returns 0x00000000 (0000ms, 2113ms total)
T1D78 549:652 JLINK_ReadReg(R2)  returns 0xA5000004 (0000ms, 2113ms total)
T1D78 549:652 JLINK_ReadReg(R3)  returns 0x00083D3D (0000ms, 2113ms total)
T1D78 549:652 JLINK_ReadReg(R4)  returns 0x0008424D (0000ms, 2113ms total)
T1D78 549:652 JLINK_ReadReg(R5)  returns 0x06442018 (0000ms, 2113ms total)
T1D78 549:652 JLINK_ReadReg(R6)  returns 0xBDFEAEB3 (0000ms, 2113ms total)
T1D78 549:652 JLINK_ReadReg(R7)  returns 0x20072A08 (0000ms, 2113ms total)
T1D78 549:652 JLINK_ReadReg(R8)  returns 0xF2DA43D3 (0000ms, 2113ms total)
T1D78 549:652 JLINK_ReadReg(R9)  returns 0x0FF69CC7 (0000ms, 2113ms total)
T1D78 549:652 JLINK_ReadReg(R10)  returns 0xCC0044B3 (0000ms, 2113ms total)
T1D78 549:652 JLINK_ReadReg(R11)  returns 0xEFD4BB44 (0000ms, 2113ms total)
T1D78 549:652 JLINK_ReadReg(R12)  returns 0x20072A00 (0000ms, 2113ms total)
T1D78 549:652 JLINK_ReadReg(R13 (SP))  returns 0xFFFFFFFC (0000ms, 2113ms total)
T1D78 549:652 JLINK_ReadReg(R14)  returns 0xFFFFFFFF (0000ms, 2113ms total)
T1D78 549:652 JLINK_ReadReg(R15 (PC))  returns 0xFFFFFFFE (0000ms, 2113ms total)
T1D78 549:652 JLINK_ReadReg(XPSR)  returns 0x01000000 (0000ms, 2113ms total)
T1D78 549:652 JLINK_ReadReg(MSP)  returns 0xFFFFFFFC (0000ms, 2113ms total)
T1D78 549:652 JLINK_ReadReg(PSP)  returns 0x25CB3B6C (0000ms, 2113ms total)
T1D78 549:652 JLINK_ReadReg(PRIMASK)  returns 0x00000000 (0000ms, 2113ms total)
T1D78 549:652 JLINK_ReadReg(BASEPRI)  returns 0x00000000 (0000ms, 2113ms total)
T1D78 549:652 JLINK_ReadReg(FAULTMASK)  returns 0x00000000 (0000ms, 2113ms total)
T1D78 549:652 JLINK_ReadReg(CONTROL)  returns 0x00000000 (0000ms, 2113ms total)
T1D78 549:662 JLINK_EndDownload()  returns 0x00 (0000ms, 2113ms total)
T1D78 549:662 JLINK_Reset() -- CPU_ReadMem(16 bytes @ 0x20000000) -- CPU_WriteMem(16 bytes @ 0x20000000) -- CPU_ReadMem(4 bytes @ 0xE000EDFC) -- CPU_WriteMem(4 bytes @ 0xE000EDFC) -- CPU_ReadMem(4 bytes @ 0xE0001000) -- CPU_WriteMem(4 bytes @ 0xE000ED0C) -- CPU_ReadMem(4 bytes @ 0xE000EDF0) -- CPU_ReadMem(4 bytes @ 0xE000EDF0) -- CPU_WriteMem(4 bytes @ 0xE000EDFC) -- CPU_WriteMem(16 bytes @ 0x20000000) -- CPU_WriteMem(4 bytes @ 0xE0002000) -- CPU_ReadMem(4 bytes @ 0xE000EDFC)
 -- CPU_ReadMem(4 bytes @ 0xE0001000) (0023ms, 2136ms total)
T1990 549:685 JLINK_IsHalted()  returns TRUE (0000ms, 2136ms total)
T1990 549:685 JLINK_GetMOEs(...) -- CPU_ReadMem(4 bytes @ 0xE000ED30)  returns 0x01 (0000ms, 2136ms total)
T1990 549:685 JLINK_ReadReg(R15 (PC))  returns 0x00083A34 (0000ms, 2136ms total)
T1D78 549:695 JLINK_ReadReg(R15 (PC))  returns 0x00083A34 (0000ms, 2136ms total)
T1D78 549:695 JLINK_ReadReg(R13 (SP))  returns 0x20072A40 (0000ms, 2136ms total)
T1D78 549:701 JLINK_ReadMemHW(0x00083A34, 0x0004 Bytes, ...) -- CPU_ReadMem(4 bytes @ 0x00083A34) - Data: 80 B5 82 B0  returns 0x00 (0000ms, 2136ms total)
T1D78 549:732 JLINK_ReadMemHW(0x0008401C, 0x0001 Bytes, ...) -- CPU_ReadMem(1 bytes @ 0x0008401C) - Data: 90  returns 0x00 (0000ms, 2136ms total)
T1D78 549:782 JLINK_ReadReg(R15 (PC))  returns 0x00083A34 (0000ms, 2136ms total)
T1D78 549:782 JLINK_GetNumBPUnits(Type = 0xFFFFFF02)  returns 0x06 (0000ms, 2136ms total)
T1D78 549:782 JLINK_SetBPEx(Addr = 0x0008401C, Type = 0xFFFFFF02)  returns 0x00000001 (0000ms, 2136ms total)
T1D78 549:782 JLINK_GetBPInfo(BPHandle = 1)  returns 0x00 (0000ms, 2136ms total)
T1D78 549:782 JLINK_Go() -- CPU_ReadMem(4 bytes @ 0xE0001000) -- CPU_WriteMem(4 bytes @ 0xE000ED30) -- CPU_WriteMem(4 bytes @ 0xE0002008) -- CPU_WriteMem(4 bytes @ 0xE000200C) -- CPU_WriteMem(4 bytes @ 0xE0002010) -- CPU_WriteMem(4 bytes @ 0xE0002014) -- CPU_WriteMem(4 bytes @ 0xE0002018) -- CPU_WriteMem(4 bytes @ 0xE000201C) -- CPU_WriteMem(4 bytes @ 0xE0001004) (0004ms, 2140ms total)
T1990 549:786 JLINK_IsHalted()  returns FALSE (0000ms, 2140ms total)
T1990 549:806 JLINK_IsHalted()  returns TRUE (0003ms, 2143ms total)
T1990 549:809 JLINK_GetMOEs(...) -- CPU_ReadMem(4 bytes @ 0xE000ED30)  returns 0x01 (0000ms, 2140ms total)
T1990 549:809 JLINK_ReadReg(R15 (PC))  returns 0x0008401C (0000ms, 2140ms total)
T1990 549:809 JLINK_WriteMem(0xE000EDFC, 0x0004 Bytes, ...) - Data: 00 00 00 01 -- CPU_WriteMem(4 bytes @ 0xE000EDFC)  returns 0x04 (0001ms, 2141ms total)
T1990 549:810 JLINK_ReadMem (0xE0001000, 0x0004 Bytes, ...) -- CPU_ReadMem(4 bytes @ 0xE0001000) - Data: 01 00 00 40  returns 0x00 (0000ms, 2141ms total)
T1990 549:810 JLINK_WriteMem(0xE0001000, 0x0004 Bytes, ...) - Data: 01 00 00 40  returns 0x04 (0000ms, 2141ms total)
T1990 549:810 JLINK_WriteMem(0xE0001028, 0x0004 Bytes, ...) - Data: 00 01 00 00  returns 0x04 (0000ms, 2141ms total)
T1990 549:810 JLINK_ReadMem (0xE0001028, 0x0004 Bytes, ...) -- CPU_WriteMem(4 bytes @ 0xE0001028) -- CPU_ReadMem(4 bytes @ 0xE0001028) - Data: 00 00 00 00  returns 0x00 (0001ms, 2142ms total)
T1990 549:811 JLINK_WriteMem(0xE0001024, 0x0004 Bytes, ...) - Data: 1F 00 00 00  returns 0x04 (0000ms, 2142ms total)
T1990 549:811 JLINK_ReadMem (0xE0001024, 0x0004 Bytes, ...) -- CPU_WriteMem(4 bytes @ 0xE0001024) -- CPU_ReadMem(4 bytes @ 0xE0001024) - Data: 0F 00 00 00  returns 0x00 (0001ms, 2143ms total)
T1990 549:812 JLINK_WriteMem(0xE0001038, 0x0004 Bytes, ...) - Data: 00 01 00 00  returns 0x04 (0000ms, 2143ms total)
T1990 549:812 JLINK_ReadMem (0xE0001038, 0x0004 Bytes, ...) -- CPU_WriteMem(4 bytes @ 0xE0001038) -- CPU_ReadMem(4 bytes @ 0xE0001038) - Data: 00 03 00 00  returns 0x00 (0000ms, 2143ms total)
T1990 549:812 JLINK_WriteMem(0xE0001034, 0x0004 Bytes, ...) - Data: 1F 00 00 00  returns 0x04 (0000ms, 2143ms total)
T1990 549:812 JLINK_ReadMem (0xE0001034, 0x0004 Bytes, ...) -- CPU_WriteMem(4 bytes @ 0xE0001034) -- CPU_ReadMem(4 bytes @ 0xE0001034) - Data: 0F 00 00 00  returns 0x00 (0001ms, 2144ms total)
T1990 549:813 JLINK_WriteMem(0xE0001048, 0x0004 Bytes, ...) - Data: 00 01 00 00  returns 0x04 (0000ms, 2144ms total)
T1990 549:813 JLINK_ReadMem (0xE0001048, 0x0004 Bytes, ...) -- CPU_WriteMem(4 bytes @ 0xE0001048) -- CPU_ReadMem(4 bytes @ 0xE0001048) - Data: 00 00 00 00  returns 0x00 (0001ms, 2145ms total)
T1990 549:814 JLINK_WriteMem(0xE0001044, 0x0004 Bytes, ...) - Data: 1F 00 00 00  returns 0x04 (0000ms, 2145ms total)
T1990 549:814 JLINK_ReadMem (0xE0001044, 0x0004 Bytes, ...) -- CPU_WriteMem(4 bytes @ 0xE0001044) -- CPU_ReadMem(4 bytes @ 0xE0001044) - Data: 0F 00 00 00  returns 0x00 (0001ms, 2146ms total)
T1990 549:815 JLINK_WriteMem(0xE0001058, 0x0004 Bytes, ...) - Data: 00 01 00 00  returns 0x04 (0000ms, 2146ms total)
T1990 549:815 JLINK_ReadMem (0xE0001058, 0x0004 Bytes, ...) -- CPU_WriteMem(4 bytes @ 0xE0001058) -- CPU_ReadMem(4 bytes @ 0xE0001058) - Data: 00 00 00 00  returns 0x00 (0000ms, 2146ms total)
T3570 549:815 JLINK_EMU_GetList(InterfaceMask = 0x00000001, MaxInfos = 0x00000032) [0]: USB, S/N: 304427281  returns 0x01 (0001ms, 2147ms total)
T1990 549:816 JLINK_WriteMem(0xE0001054, 0x0004 Bytes, ...) - Data: 1F 00 00 00  returns 0x04 (0000ms, 2147ms total)
T1990 549:816 JLINK_ReadMem (0xE0001054, 0x0004 Bytes, ...) -- CPU_WriteMem(4 bytes @ 0xE0001054) -- CPU_ReadMem(4 bytes @ 0xE0001054) - Data: 0F 00 00 00  returns 0x00 (0000ms, 2147ms total)
T1990 549:816 JLINK_WriteMem(0xE0001020, 0x0004 Bytes, ...) - Data: 00 00 00 00  returns 0x04 (0000ms, 2147ms total)
T1990 549:816 JLINK_WriteMem(0xE0001024, 0x0004 Bytes, ...) - Data: 00 00 00 00  returns 0x04 (0000ms, 2147ms total)
T1990 549:816 JLINK_WriteMem(0xE0001028, 0x0004 Bytes, ...) - Data: 00 00 00 00  returns 0x04 (0000ms, 2147ms total)
T1990 549:816 JLINK_WriteMem(0xE0001030, 0x0004 Bytes, ...) - Data: 00 00 00 00  returns 0x04 (0000ms, 2147ms total)
T1990 549:816 JLINK_WriteMem(0xE0001034, 0x0004 Bytes, ...) - Data: 00 00 00 00  returns 0x04 (0000ms, 2147ms total)
T1990 549:816 JLINK_WriteMem(0xE0001038, 0x0004 Bytes, ...) - Data: 00 00 00 00  returns 0x04 (0000ms, 2147ms total)
T1990 549:816 JLINK_WriteMem(0xE0001040, 0x0004 Bytes, ...) - Data: 00 00 00 00  returns 0x04 (0000ms, 2147ms total)
T1990 549:816 JLINK_WriteMem(0xE0001044, 0x0004 Bytes, ...) - Data: 00 00 00 00  returns 0x04 (0000ms, 2147ms total)
T1990 549:816 JLINK_WriteMem(0xE0001048, 0x0004 Bytes, ...) - Data: 00 00 00 00  returns 0x04 (0000ms, 2147ms total)
T1990 549:816 JLINK_WriteMem(0xE0001050, 0x0004 Bytes, ...) - Data: 00 00 00 00  returns 0x04 (0000ms, 2147ms total)
T1990 549:816 JLINK_WriteMem(0xE0001054, 0x0004 Bytes, ...) - Data: 00 00 00 00  returns 0x04 (0000ms, 2147ms total)
T1990 549:816 JLINK_WriteMem(0xE0001058, 0x0004 Bytes, ...) - Data: 00 00 00 00  returns 0x04 (0000ms, 2147ms total)
T1990 549:816 JLINK_GetBPInfo(BPHandle = 1)  returns 0x00 (0000ms, 2147ms total)
T1990 549:816 JLINK_ClrBPEx(BPHandle = 0x00000001)  returns 0x00 (0000ms, 2147ms total)
T1D78 549:826 JLINK_ReadReg(R15 (PC))  returns 0x0008401C (0000ms, 2147ms total)
T1D78 549:826 JLINK_ReadReg(R13 (SP))  returns 0x20072A30 (0000ms, 2147ms total)
T1D78 549:826 JLINK_ReadMemHW(0x0008401C, 0x0004 Bytes, ...) -- CPU_ReadMem(4 bytes @ 0x0008401C) - Data: 90 B5 87 B0  returns 0x00 (0001ms, 2148ms total)
T1D78 549:837 JLINK_ReadReg(R15 (PC))  returns 0x0008401C (0000ms, 2148ms total)
T1D78 549:837 JLINK_Go() -- CPU_WriteMem(4 bytes @ 0xE0001000) -- CPU_ReadMem(4 bytes @ 0xE0001000) -- CPU_WriteMem(4 bytes @ 0xE000ED30) -- CPU_WriteMem(4 bytes @ 0xE0001020) -- CPU_WriteMem(4 bytes @ 0xE0001030) -- CPU_WriteMem(4 bytes @ 0xE0001040) -- CPU_WriteMem(4 bytes @ 0xE0001050) -- CPU_WriteMem(4 bytes @ 0xE0001024) -- CPU_WriteMem(4 bytes @ 0xE0001034) -- CPU_WriteMem(4 bytes @ 0xE0001044) -- CPU_WriteMem(4 bytes @ 0xE0001054) -- CPU_WriteMem(4 bytes @ 0xE0001028)
 -- CPU_WriteMem(4 bytes @ 0xE0001038) -- CPU_WriteMem(4 bytes @ 0xE0001048) -- CPU_WriteMem(4 bytes @ 0xE0001058) -- CPU_WriteMem(4 bytes @ 0xE0002008) (0006ms, 2154ms total)
T1990 549:843 JLINK_IsHalted()  returns FALSE (0000ms, 2154ms total)
T1990 549:883 JLINK_IsHalted()  returns FALSE (0000ms, 2154ms total)
T1990 550:043 JLINK_IsHalted()  returns FALSE (0000ms, 2154ms total)
T1990 550:244 JLINK_IsHalted()  returns FALSE (0000ms, 2154ms total)
T1990 550:444 JLINK_IsHalted()  returns FALSE (0000ms, 2154ms total)
T1990 550:644 JLINK_IsHalted()  returns FALSE (0000ms, 2154ms total)
T1990 550:844 JLINK_IsHalted()  returns FALSE (0000ms, 2154ms total)
T1990 551:045 JLINK_IsHalted()  returns FALSE (0000ms, 2154ms total)
T1990 551:245 JLINK_IsHalted()  returns FALSE (0000ms, 2154ms total)
T1990 551:445 JLINK_IsHalted()  returns FALSE (0000ms, 2154ms total)
T1990 551:645 JLINK_IsHalted()  returns FALSE (0001ms, 2155ms total)
T1990 551:846 JLINK_IsHalted()  returns FALSE (0000ms, 2154ms total)
T1990 552:047 JLINK_IsHalted()  returns FALSE (0000ms, 2154ms total)
T1990 552:248 JLINK_IsHalted()  returns FALSE (0000ms, 2154ms total)
T1990 552:448 JLINK_IsHalted()  returns FALSE (0000ms, 2154ms total)
T1990 552:649 JLINK_IsHalted()  returns FALSE (0000ms, 2154ms total)
T1990 552:850 JLINK_IsHalted()  returns FALSE (0000ms, 2154ms total)
T1990 553:051 JLINK_IsHalted()  returns FALSE (0000ms, 2154ms total)
T1990 553:251 JLINK_IsHalted()  returns FALSE (0000ms, 2154ms total)
T1990 553:452 JLINK_IsHalted()  returns FALSE (0000ms, 2154ms total)
T1990 553:652 JLINK_IsHalted()  returns FALSE (0000ms, 2154ms total)
T1990 553:853 JLINK_IsHalted()  returns FALSE (0000ms, 2154ms total)
T1990 554:053 JLINK_IsHalted()  returns FALSE (0000ms, 2154ms total)
T1990 554:254 JLINK_IsHalted()  returns FALSE (0000ms, 2154ms total)
T1990 554:455 JLINK_IsHalted()  returns FALSE (0000ms, 2154ms total)
T1990 554:655 JLINK_IsHalted()  returns FALSE (0000ms, 2154ms total)
T1990 554:856 JLINK_IsHalted()  returns FALSE (0000ms, 2154ms total)
T1990 555:056 JLINK_IsHalted()  returns FALSE (0000ms, 2154ms total)
T1990 555:257 JLINK_IsHalted()  returns FALSE (0000ms, 2154ms total)
T1990 555:457 JLINK_IsHalted()  returns FALSE (0000ms, 2154ms total)
T1990 555:658 JLINK_IsHalted()  returns FALSE (0000ms, 2154ms total)
T3570 555:824 JLINK_EMU_GetList(InterfaceMask = 0x00000001, MaxInfos = 0x00000032) [0]: USB, S/N: 304427281  returns 0x01 (0002ms, 2156ms total)
T1990 555:858 JLINK_IsHalted()  returns FALSE (0000ms, 2156ms total)
T1990 556:059 JLINK_IsHalted()  returns FALSE (0000ms, 2156ms total)
T1990 556:260 JLINK_IsHalted()  returns FALSE (0000ms, 2156ms total)
T1990 556:460 JLINK_IsHalted()  returns FALSE (0000ms, 2156ms total)
T1990 556:661 JLINK_IsHalted()  returns FALSE (0000ms, 2156ms total)
T3570 556:837 JLINK_EMU_GetList(InterfaceMask = 0x00000001, MaxInfos = 0x00000032) [0]: USB, S/N: 304427281  returns 0x01 (0000ms, 2156ms total)
T1990 556:861 JLINK_IsHalted()  returns FALSE (0000ms, 2156ms total)
T1990 557:062 JLINK_IsHalted()  returns FALSE (0000ms, 2156ms total)
T1990 557:262 JLINK_IsHalted()  returns FALSE (0000ms, 2156ms total)
T1990 557:463 JLINK_IsHalted()  returns FALSE (0000ms, 2156ms total)
T1990 557:663 JLINK_IsHalted()  returns FALSE (0000ms, 2156ms total)
T3570 557:848 JLINK_EMU_GetList(InterfaceMask = 0x00000001, MaxInfos = 0x00000032) [0]: USB, S/N: 304427281  returns 0x01 (0000ms, 2156ms total)
T1990 557:864 JLINK_IsHalted()  returns FALSE (0000ms, 2156ms total)
T1990 558:064 JLINK_IsHalted()  returns FALSE (0000ms, 2156ms total)
T1990 558:265 JLINK_IsHalted()  returns FALSE (0000ms, 2156ms total)
T1990 558:466 JLINK_IsHalted()  returns FALSE (0000ms, 2156ms total)
T1990 558:666 JLINK_IsHalted()  returns FALSE (0000ms, 2156ms total)
T3570 558:858 JLINK_EMU_GetList(InterfaceMask = 0x00000001, MaxInfos = 0x00000032) [0]: USB, S/N: 304427281  returns 0x01 (0001ms, 2157ms total)
T1990 558:867 JLINK_IsHalted()  returns FALSE (0000ms, 2157ms total)
T1990 559:067 JLINK_IsHalted()  returns FALSE (0000ms, 2157ms total)
T1990 559:268 JLINK_IsHalted()  returns FALSE (0000ms, 2157ms total)
T1990 559:468 JLINK_IsHalted()  returns FALSE (0000ms, 2157ms total)
T1990 559:669 JLINK_IsHalted()  returns FALSE (0000ms, 2157ms total)
T1990 559:869 JLINK_IsHalted()  returns FALSE (0000ms, 2157ms total)
T3570 559:869 JLINK_EMU_GetList(InterfaceMask = 0x00000001, MaxInfos = 0x00000032) [0]: USB, S/N: 304427281  returns 0x01 (0001ms, 2158ms total)
T1990 560:070 JLINK_IsHalted()  returns FALSE (0000ms, 2158ms total)
T1990 560:271 JLINK_IsHalted()  returns FALSE (0000ms, 2158ms total)
T1990 560:471 JLINK_IsHalted()  returns FALSE (0000ms, 2158ms total)
T1990 560:672 JLINK_IsHalted()  returns FALSE (0000ms, 2158ms total)
T1990 560:872 JLINK_IsHalted()  returns FALSE (0000ms, 2158ms total)
T3570 560:878 JLINK_EMU_GetList(InterfaceMask = 0x00000001, MaxInfos = 0x00000032) [0]: USB, S/N: 304427281  returns 0x01 (0000ms, 2158ms total)
T1990 561:073 JLINK_IsHalted()  returns FALSE (0000ms, 2158ms total)
T1990 561:273 JLINK_IsHalted()  returns FALSE (0000ms, 2158ms total)
T1990 561:474 JLINK_IsHalted()  returns FALSE (0000ms, 2158ms total)
T1990 561:674 JLINK_IsHalted()  returns FALSE (0000ms, 2158ms total)
T1990 561:874 JLINK_IsHalted()  returns FALSE (0000ms, 2158ms total)
T3570 561:889 JLINK_EMU_GetList(InterfaceMask = 0x00000001, MaxInfos = 0x00000032) [0]: USB, S/N: 304427281  returns 0x01 (0000ms, 2158ms total)
T1990 562:075 JLINK_IsHalted()  returns FALSE (0000ms, 2158ms total)
T1990 562:276 JLINK_IsHalted()  returns FALSE (0000ms, 2158ms total)
T1990 562:476 JLINK_IsHalted()  returns FALSE (0000ms, 2158ms total)
T1990 562:677 JLINK_IsHalted()  returns FALSE (0000ms, 2158ms total)
T1990 562:877 JLINK_IsHalted()  returns FALSE (0000ms, 2158ms total)
T3570 562:899 JLINK_EMU_GetList(InterfaceMask = 0x00000001, MaxInfos = 0x00000032) [0]: USB, S/N: 304427281  returns 0x01 (0001ms, 2159ms total)
T1990 563:078 JLINK_IsHalted()  returns FALSE (0000ms, 2159ms total)
T1990 563:278 JLINK_IsHalted()  returns FALSE (0000ms, 2159ms total)
T1990 563:479 JLINK_IsHalted()  returns FALSE (0000ms, 2159ms total)
T1990 563:679 JLINK_IsHalted()  returns FALSE (0000ms, 2159ms total)
T1990 563:880 JLINK_IsHalted()  returns FALSE (0000ms, 2159ms total)
T3570 563:911 JLINK_EMU_GetList(InterfaceMask = 0x00000001, MaxInfos = 0x00000032) [0]: USB, S/N: 304427281  returns 0x01 (0000ms, 2159ms total)
T1990 564:081 JLINK_IsHalted()  returns FALSE (0000ms, 2159ms total)
T1990 564:281 JLINK_IsHalted()  returns FALSE (0000ms, 2159ms total)
T1990 564:482 JLINK_IsHalted()  returns FALSE (0000ms, 2159ms total)
T1990 564:682 JLINK_IsHalted()  returns FALSE (0000ms, 2159ms total)
T1990 564:882 JLINK_IsHalted()  returns FALSE (0000ms, 2159ms total)
T3570 564:918 JLINK_EMU_GetList(InterfaceMask = 0x00000001, MaxInfos = 0x00000032) [0]: USB, S/N: 304427281  returns 0x01 (0001ms, 2160ms total)
T1990 565:083 JLINK_IsHalted()  returns FALSE (0000ms, 2160ms total)
T1990 565:283 JLINK_IsHalted()  returns FALSE (0000ms, 2160ms total)
T1990 565:484 JLINK_IsHalted()  returns FALSE (0000ms, 2160ms total)
T1990 565:684 JLINK_IsHalted()  returns FALSE (0000ms, 2160ms total)
T1990 565:885 JLINK_IsHalted()  returns FALSE (0000ms, 2160ms total)
T3570 565:929 JLINK_EMU_GetList(InterfaceMask = 0x00000001, MaxInfos = 0x00000032) [0]: USB, S/N: 304427281  returns 0x01 (0001ms, 2161ms total)
T1990 566:086 JLINK_IsHalted()  returns FALSE (0000ms, 2161ms total)
T1990 566:286 JLINK_IsHalted()  returns FALSE (0000ms, 2161ms total)
T1990 566:487 JLINK_IsHalted()  returns FALSE (0000ms, 2161ms total)
T1990 566:687 JLINK_IsHalted()  returns FALSE (0000ms, 2161ms total)
T1990 566:888 JLINK_IsHalted()  returns FALSE (0000ms, 2161ms total)
T3570 566:938 JLINK_EMU_GetList(InterfaceMask = 0x00000001, MaxInfos = 0x00000032) [0]: USB, S/N: 304427281  returns 0x01 (0001ms, 2162ms total)
T1990 567:088 JLINK_IsHalted()  returns FALSE (0000ms, 2162ms total)
T1990 567:289 JLINK_IsHalted()  returns FALSE (0000ms, 2162ms total)
T1990 567:489 JLINK_IsHalted()  returns FALSE (0000ms, 2162ms total)
T1990 567:690 JLINK_IsHalted()  returns FALSE (0000ms, 2162ms total)
T1990 567:890 JLINK_IsHalted()  returns FALSE (0000ms, 2162ms total)
T3570 567:950 JLINK_EMU_GetList(InterfaceMask = 0x00000001, MaxInfos = 0x00000032) [0]: USB, S/N: 304427281  returns 0x01 (0001ms, 2163ms total)
T1990 568:091 JLINK_IsHalted()  returns FALSE (0000ms, 2163ms total)
T1990 568:292 JLINK_IsHalted()  returns FALSE (0000ms, 2163ms total)
T1990 568:492 JLINK_IsHalted()  returns FALSE (0000ms, 2163ms total)
T1990 568:693 JLINK_IsHalted()  returns FALSE (0000ms, 2163ms total)
T1990 568:893 JLINK_IsHalted()  returns FALSE (0000ms, 2163ms total)
T3570 568:962 JLINK_EMU_GetList(InterfaceMask = 0x00000001, MaxInfos = 0x00000032) [0]: USB, S/N: 304427281  returns 0x01 (0000ms, 2163ms total)
T1990 569:094 JLINK_IsHalted()  returns FALSE (0000ms, 2163ms total)
T1990 569:294 JLINK_IsHalted()  returns FALSE (0000ms, 2163ms total)
T1990 569:495 JLINK_IsHalted()  returns FALSE (0000ms, 2163ms total)
T1990 569:695 JLINK_IsHalted()  returns FALSE (0000ms, 2163ms total)
T1990 569:896 JLINK_IsHalted()  returns FALSE (0000ms, 2163ms total)
T3570 569:973 JLINK_EMU_GetList(InterfaceMask = 0x00000001, MaxInfos = 0x00000032) [0]: USB, S/N: 304427281  returns 0x01 (0001ms, 2164ms total)
T1990 570:096 JLINK_IsHalted()  returns FALSE (0000ms, 2164ms total)
T1990 570:297 JLINK_IsHalted()  returns FALSE (0000ms, 2164ms total)
T1990 570:497 JLINK_IsHalted()  returns FALSE (0000ms, 2164ms total)
T1990 570:698 JLINK_IsHalted()  returns FALSE (0000ms, 2164ms total)
T1990 570:898 JLINK_IsHalted()  returns FALSE (0000ms, 2164ms total)
T3570 570:983 JLINK_EMU_GetList(InterfaceMask = 0x00000001, MaxInfos = 0x00000032) [0]: USB, S/N: 304427281  returns 0x01 (0000ms, 2164ms total)
T1990 571:099 JLINK_IsHalted()  returns FALSE (0000ms, 2164ms total)
T1990 571:299 JLINK_IsHalted()  returns FALSE (0000ms, 2164ms total)
T1990 571:500 JLINK_IsHalted()  returns FALSE (0000ms, 2164ms total)
T1990 571:700 JLINK_IsHalted()  returns FALSE (0000ms, 2164ms total)
T1990 571:901 JLINK_IsHalted()  returns FALSE (0000ms, 2164ms total)
T3570 571:990 JLINK_EMU_GetList(InterfaceMask = 0x00000001, MaxInfos = 0x00000032) [0]: USB, S/N: 304427281  returns 0x01 (0000ms, 2164ms total)
T1990 572:102 JLINK_IsHalted()  returns FALSE (0000ms, 2164ms total)
T1990 572:302 JLINK_IsHalted()  returns FALSE (0000ms, 2164ms total)
T1990 572:503 JLINK_IsHalted()  returns FALSE (0000ms, 2164ms total)
T1990 572:703 JLINK_IsHalted()  returns FALSE (0000ms, 2164ms total)
T1990 572:904 JLINK_IsHalted()  returns FALSE (0000ms, 2164ms total)
T3570 572:998 JLINK_EMU_GetList(InterfaceMask = 0x00000001, MaxInfos = 0x00000032) [0]: USB, S/N: 304427281  returns 0x01 (0000ms, 2164ms total)
T1990 573:104 JLINK_IsHalted()  returns FALSE (0000ms, 2164ms total)
T1990 573:305 JLINK_IsHalted()  returns FALSE (0000ms, 2164ms total)
T1990 573:505 JLINK_IsHalted()  returns FALSE (0000ms, 2164ms total)
T1990 573:706 JLINK_IsHalted()  returns FALSE (0000ms, 2164ms total)
T1990 573:906 JLINK_IsHalted()  returns FALSE (0000ms, 2164ms total)
T3570 574:006 JLINK_EMU_GetList(InterfaceMask = 0x00000001, MaxInfos = 0x00000032) [0]: USB, S/N: 304427281  returns 0x01 (0000ms, 2164ms total)
T1990 574:107 JLINK_IsHalted()  returns FALSE (0000ms, 2164ms total)
T1990 574:308 JLINK_IsHalted()  returns FALSE (0000ms, 2164ms total)
T1990 574:508 JLINK_IsHalted()  returns FALSE (0000ms, 2164ms total)
T1990 574:709 JLINK_IsHalted()  returns FALSE (0000ms, 2164ms total)
T1990 574:909 JLINK_IsHalted()  returns FALSE (0000ms, 2164ms total)
T3570 575:011 JLINK_EMU_GetList(InterfaceMask = 0x00000001, MaxInfos = 0x00000032) [0]: USB, S/N: 304427281  returns 0x01 (0001ms, 2165ms total)
T1990 575:110 JLINK_IsHalted()  returns FALSE (0000ms, 2165ms total)
